2021-05-04 13:24:52,688 [INFO] Activator:170 - 


2021-05-04 13:24:52,696 [INFO] Activator:171 - !SESSION log4j initialized
2021-05-04 13:25:19,755 [INFO] McuFinderGlobals:40 - Set McuFinder mode to 2 (CubeIDE integrated)
2021-05-04 13:25:19,946 [INFO] ApplicationProperties:181 - Using Application install path: C:\ST\STM32CubeIDE_1.5.1\STM32CubeIDE\plugins\com.st.stm32cube.common.mx_6.1.1.202012091304
2021-05-04 13:25:19,973 [INFO] DbMcusXml:71 - Set database path to: C:\ST\STM32CubeIDE_1.5.1\STM32CubeIDE\plugins\com.st.stm32cube.common.mx_6.1.1.202012091304\\db\/mcu/
2021-05-04 13:25:19,979 [INFO] DbBoardsPdsc:57 - Set plugin database path to: C:\ST\STM32CubeIDE_1.5.1\STM32CubeIDE\plugins\com.st.stm32cube.common.mx_6.1.1.202012091304\\db\/plugins/boardmanager/
2021-05-04 13:25:19,983 [INFO] DbMcus:259 - Set plugin images path to: C:\ST\STM32CubeIDE_1.5.1\STM32CubeIDE\plugins\com.st.stm32cube.common.mx_6.1.1.202012091304\\db\/plugins/mcufinder/images/
2021-05-04 13:25:19,983 [INFO] DbBoards:265 - Set plugin images path to: C:\ST\STM32CubeIDE_1.5.1\STM32CubeIDE\plugins\com.st.stm32cube.common.mx_6.1.1.202012091304\\db\/plugins/mcufinder/images/
2021-05-04 13:25:19,992 [INFO] DbExamples:329 - Set plugin images path to: C:\ST\STM32CubeIDE_1.5.1\STM32CubeIDE\plugins\com.st.stm32cube.common.mx_6.1.1.202012091304\\db\/plugins/mcufinder/images/
2021-05-04 13:25:20,007 [INFO] DbMcusDocs:112 - Set database path to: C:\Users\Raimonn\.stmcufinder\plugins\mcufinder//mcu/
2021-05-04 13:25:20,012 [INFO] DbMcusJson:63 - Set database path to: C:\Users\Raimonn\.stmcufinder\plugins\mcufinder//mcu/
2021-05-04 13:25:20,014 [INFO] DbBoardsDocs:112 - Set database path to: C:\Users\Raimonn\.stmcufinder\plugins\mcufinder//mcu/
2021-05-04 13:25:20,017 [INFO] DbBoardsJson:56 - Set database path to: C:\Users\Raimonn\.stmcufinder\plugins\mcufinder//mcu/
2021-05-04 13:25:20,028 [INFO] CrossReferenceDbSqlite:196 - Set database path to: C:\Users\Raimonn\.stmcufinder\plugins\mcufinder//mcu/cs/
2021-05-04 13:25:20,037 [INFO] DbExamplesSqlite:699 - Set database path to: C:\Users\Raimonn\.stmcufinder\plugins\mcufinder//mcu/
2021-05-04 13:25:20,420 [INFO] RulesReader:52 - Compatibility file has been processed (228 Rules)
2021-05-04 13:25:20,621 [INFO] MicroXplorer:565 - Detected Java Version = 1.8.0_272
2021-05-04 13:25:20,621 [INFO] DbMcusXml:71 - Set database path to: C:\ST\STM32CubeIDE_1.5.1\STM32CubeIDE\plugins\com.st.stm32cube.common.mx_6.1.1.202012091304\\db\/mcu/
2021-05-04 13:25:20,623 [INFO] DbBoardsPdsc:57 - Set plugin database path to: C:\ST\STM32CubeIDE_1.5.1\STM32CubeIDE\plugins\com.st.stm32cube.common.mx_6.1.1.202012091304\\db\/plugins/boardmanager/
2021-05-04 13:25:20,623 [INFO] DbMcus:259 - Set plugin images path to: C:\ST\STM32CubeIDE_1.5.1\STM32CubeIDE\plugins\com.st.stm32cube.common.mx_6.1.1.202012091304\\db\/plugins/mcufinder/images/
2021-05-04 13:25:20,624 [INFO] DbBoards:265 - Set plugin images path to: C:\ST\STM32CubeIDE_1.5.1\STM32CubeIDE\plugins\com.st.stm32cube.common.mx_6.1.1.202012091304\\db\/plugins/mcufinder/images/
2021-05-04 13:25:20,624 [INFO] DbExamples:329 - Set plugin images path to: C:\ST\STM32CubeIDE_1.5.1\STM32CubeIDE\plugins\com.st.stm32cube.common.mx_6.1.1.202012091304\\db\/plugins/mcufinder/images/
2021-05-04 13:25:20,624 [WARN] DbFile:36 - Overriding database path with different value: C:\Users\Raimonn\.stmcufinder\plugins\mcufinder/ => C:\Users\Raimonn\.stmcufinder\plugins\mcufinder
2021-05-04 13:25:20,624 [INFO] DbMcusDocs:112 - Set database path to: C:\Users\Raimonn\.stmcufinder\plugins\mcufinder//mcu/
2021-05-04 13:25:20,624 [WARN] DbFile:36 - Overriding database path with different value: C:\Users\Raimonn\.stmcufinder\plugins\mcufinder/ => C:\Users\Raimonn\.stmcufinder\plugins\mcufinder
2021-05-04 13:25:20,624 [INFO] DbMcusJson:63 - Set database path to: C:\Users\Raimonn\.stmcufinder\plugins\mcufinder//mcu/
2021-05-04 13:25:20,624 [WARN] DbFile:36 - Overriding database path with different value: C:\Users\Raimonn\.stmcufinder\plugins\mcufinder/ => C:\Users\Raimonn\.stmcufinder\plugins\mcufinder
2021-05-04 13:25:20,627 [INFO] DbBoardsDocs:112 - Set database path to: C:\Users\Raimonn\.stmcufinder\plugins\mcufinder//mcu/
2021-05-04 13:25:20,628 [WARN] DbFile:36 - Overriding database path with different value: C:\Users\Raimonn\.stmcufinder\plugins\mcufinder/ => C:\Users\Raimonn\.stmcufinder\plugins\mcufinder
2021-05-04 13:25:20,629 [INFO] DbBoardsJson:56 - Set database path to: C:\Users\Raimonn\.stmcufinder\plugins\mcufinder//mcu/
2021-05-04 13:25:20,629 [WARN] DbFile:36 - Overriding database path with different value: C:\Users\Raimonn\.stmcufinder\plugins\mcufinder/ => C:\Users\Raimonn\.stmcufinder\plugins\mcufinder
2021-05-04 13:25:20,630 [WARN] DbFile:36 - Overriding database path with different value: C:\Users\Raimonn\.stmcufinder\plugins\mcufinder/ => C:\Users\Raimonn\.stmcufinder\plugins\mcufinder
2021-05-04 13:25:20,631 [INFO] CrossReferenceDbSqlite:196 - Set database path to: C:\Users\Raimonn\.stmcufinder\plugins\mcufinder//mcu/cs/
2021-05-04 13:25:20,631 [WARN] DbFile:36 - Overriding database path with different value: C:\Users\Raimonn\.stmcufinder\plugins\mcufinder/ => C:\Users\Raimonn\.stmcufinder\plugins\mcufinder
2021-05-04 13:25:20,632 [INFO] DbExamplesSqlite:699 - Set database path to: C:\Users\Raimonn\.stmcufinder\plugins\mcufinder//mcu/
2021-05-04 13:25:20,753 [INFO] MainPanel:190 - HeapMemory: 268435456
2021-05-04 13:25:20,871 [INFO] DbMcusXml:71 - Set database path to: C:\ST\STM32CubeIDE_1.5.1\STM32CubeIDE\plugins\com.st.stm32cube.common.mx_6.1.1.202012091304\\db\/mcu/
2021-05-04 13:25:20,871 [INFO] DbBoardsPdsc:57 - Set plugin database path to: C:\ST\STM32CubeIDE_1.5.1\STM32CubeIDE\plugins\com.st.stm32cube.common.mx_6.1.1.202012091304\\db\/plugins/boardmanager/
2021-05-04 13:25:20,872 [INFO] DbMcus:259 - Set plugin images path to: C:\ST\STM32CubeIDE_1.5.1\STM32CubeIDE\plugins\com.st.stm32cube.common.mx_6.1.1.202012091304\\db\/plugins/mcufinder/images/
2021-05-04 13:25:20,872 [INFO] DbBoards:265 - Set plugin images path to: C:\ST\STM32CubeIDE_1.5.1\STM32CubeIDE\plugins\com.st.stm32cube.common.mx_6.1.1.202012091304\\db\/plugins/mcufinder/images/
2021-05-04 13:25:20,872 [INFO] DbExamples:329 - Set plugin images path to: C:\ST\STM32CubeIDE_1.5.1\STM32CubeIDE\plugins\com.st.stm32cube.common.mx_6.1.1.202012091304\\db\/plugins/mcufinder/images/
2021-05-04 13:25:20,874 [WARN] DbFile:36 - Overriding database path with different value: C:\Users\Raimonn\.stmcufinder\plugins\mcufinder/ => C:\Users\Raimonn\.stmcufinder\plugins\mcufinder
2021-05-04 13:25:20,874 [INFO] DbMcusDocs:112 - Set database path to: C:\Users\Raimonn\.stmcufinder\plugins\mcufinder//mcu/
2021-05-04 13:25:20,874 [WARN] DbFile:36 - Overriding database path with different value: C:\Users\Raimonn\.stmcufinder\plugins\mcufinder/ => C:\Users\Raimonn\.stmcufinder\plugins\mcufinder
2021-05-04 13:25:20,875 [INFO] DbMcusJson:63 - Set database path to: C:\Users\Raimonn\.stmcufinder\plugins\mcufinder//mcu/
2021-05-04 13:25:20,875 [WARN] DbFile:36 - Overriding database path with different value: C:\Users\Raimonn\.stmcufinder\plugins\mcufinder/ => C:\Users\Raimonn\.stmcufinder\plugins\mcufinder
2021-05-04 13:25:20,875 [INFO] DbBoardsDocs:112 - Set database path to: C:\Users\Raimonn\.stmcufinder\plugins\mcufinder//mcu/
2021-05-04 13:25:20,875 [WARN] DbFile:36 - Overriding database path with different value: C:\Users\Raimonn\.stmcufinder\plugins\mcufinder/ => C:\Users\Raimonn\.stmcufinder\plugins\mcufinder
2021-05-04 13:25:20,876 [INFO] DbBoardsJson:56 - Set database path to: C:\Users\Raimonn\.stmcufinder\plugins\mcufinder//mcu/
2021-05-04 13:25:20,876 [WARN] DbFile:36 - Overriding database path with different value: C:\Users\Raimonn\.stmcufinder\plugins\mcufinder/ => C:\Users\Raimonn\.stmcufinder\plugins\mcufinder
2021-05-04 13:25:20,876 [WARN] DbFile:36 - Overriding database path with different value: C:\Users\Raimonn\.stmcufinder\plugins\mcufinder/ => C:\Users\Raimonn\.stmcufinder\plugins\mcufinder
2021-05-04 13:25:20,877 [INFO] CrossReferenceDbSqlite:196 - Set database path to: C:\Users\Raimonn\.stmcufinder\plugins\mcufinder//mcu/cs/
2021-05-04 13:25:20,877 [WARN] DbFile:36 - Overriding database path with different value: C:\Users\Raimonn\.stmcufinder\plugins\mcufinder/ => C:\Users\Raimonn\.stmcufinder\plugins\mcufinder
2021-05-04 13:25:20,877 [INFO] DbExamplesSqlite:699 - Set database path to: C:\Users\Raimonn\.stmcufinder\plugins\mcufinder//mcu/
2021-05-04 13:25:20,919 [INFO] ApplicationProperties:181 - Using Application install path: C:\ST\STM32CubeIDE_1.5.1\STM32CubeIDE\plugins\com.st.stm32cube.common.mx_6.1.1.202012091304
2021-05-04 13:25:20,922 [INFO] PluginManage:178 - Search for loadable plugins [exclusion list=, ]
2021-05-04 13:25:20,926 [INFO] PluginManage:292 - Check plugin analytics
2021-05-04 13:25:21,251 [INFO] AnalyticsPlugin:225 - Accepted Software Licenses: 
2021-05-04 13:25:21,253 [INFO] AnalyticsPlugin:227 - Accepted CMSIS Pack Licenses: 
2021-05-04 13:25:21,253 [INFO] AnalyticsPlugin:229 - Accepted Firmware Licenses: 
2021-05-04 13:25:21,254 [INFO] PluginManage:342 - Loaded plugin analytics (category:tool,tabindex:-1)
2021-05-04 13:25:21,255 [INFO] PluginManage:292 - Check plugin clock
2021-05-04 13:25:21,277 [INFO] PluginManage:342 - Loaded plugin clock (category:base,tabindex:2)
2021-05-04 13:25:21,278 [INFO] PluginManage:292 - Check plugin ddr
2021-05-04 13:25:21,281 [INFO] PluginManage:342 - Loaded plugin ddr (category:tool,tabindex:6)
2021-05-04 13:25:21,282 [INFO] PluginManage:292 - Check plugin filemanager
2021-05-04 13:25:21,496 [INFO] PluginManage:342 - Loaded plugin filemanager (category:base,tabindex:10)
2021-05-04 13:25:21,498 [INFO] PluginManage:292 - Check plugin ipmanager
2021-05-04 13:25:21,512 [INFO] PluginManage:342 - Loaded plugin ipmanager (category:base,tabindex:5)
2021-05-04 13:25:21,512 [INFO] PluginManage:292 - Check plugin pinoutandconfiguration
2021-05-04 13:25:21,527 [INFO] PluginManage:342 - Loaded plugin pinoutandconfiguration (category:base,tabindex:1)
2021-05-04 13:25:21,527 [INFO] PluginManage:292 - Check plugin pinoutconfig
2021-05-04 13:25:21,572 [INFO] PluginManage:342 - Loaded plugin pinoutconfig (category:base,tabindex:0)
2021-05-04 13:25:21,572 [INFO] PluginManage:292 - Check plugin power
2021-05-04 13:25:21,589 [INFO] PluginManage:342 - Loaded plugin power (category:power,tabindex:4)
2021-05-04 13:25:21,589 [INFO] PluginManage:292 - Check plugin projectmanager
2021-05-04 13:25:21,621 [INFO] PluginManage:342 - Loaded plugin projectmanager (category:projectmanager,tabindex:3)
2021-05-04 13:25:21,621 [INFO] PluginManage:292 - Check plugin thirdparty
2021-05-04 13:25:21,829 [INFO] PluginManage:342 - Loaded plugin thirdparty (category:base,tabindex:-1)
2021-05-04 13:25:21,829 [INFO] PluginManage:292 - Check plugin tools
2021-05-04 13:25:21,830 [WARN] IntegrityCheckThread:59 - waiting for thirdparty lock release [integrity check]
2021-05-04 13:25:21,831 [INFO] IntegrityCheckThread:61 - entering critical section [integrity check]
2021-05-04 13:25:21,832 [INFO] ThirdPartyUpdaterWithRetryManager:56 - Updater plugin not ready yet. [1/15]
2021-05-04 13:25:21,835 [INFO] PluginManage:342 - Loaded plugin tools (category:base,tabindex:7)
2021-05-04 13:25:21,836 [INFO] PluginManage:292 - Check plugin tutovideos
2021-05-04 13:25:22,241 [INFO] PluginManage:342 - Loaded plugin tutovideos (category:base,tabindex:-1)
2021-05-04 13:25:22,241 [INFO] PluginManage:292 - Check plugin updater
2021-05-04 13:25:22,264 [INFO] PluginManage:342 - Loaded plugin updater (category:base,tabindex:12)
2021-05-04 13:25:22,266 [INFO] PluginManage:265 - PluginManage : Loaded plugins [13]
2021-05-04 13:25:22,841 [INFO] PinOutPanel:1434 - setPackage(No Configuration,No Configuration)
2021-05-04 13:25:23,081 [INFO] IPUIPlugin:64 - create IPUIPlugin
2021-05-04 13:25:23,082 [INFO] PluginManager:203 - loadIPPluginJar : add adc
2021-05-04 13:25:23,086 [INFO] IPUIPlugin:64 - create IPUIPlugin
2021-05-04 13:25:23,086 [INFO] PluginManager:203 - loadIPPluginJar : add aes
2021-05-04 13:25:23,093 [INFO] IPUIPlugin:64 - create IPUIPlugin
2021-05-04 13:25:23,093 [INFO] PluginManager:203 - loadIPPluginJar : add can
2021-05-04 13:25:23,096 [INFO] IPUIPlugin:64 - create IPUIPlugin
2021-05-04 13:25:23,096 [INFO] PluginManager:203 - loadIPPluginJar : add comp
2021-05-04 13:25:23,100 [INFO] IPUIPlugin:64 - create IPUIPlugin
2021-05-04 13:25:23,101 [INFO] PluginManager:203 - loadIPPluginJar : add cryp
2021-05-04 13:25:23,106 [INFO] IPUIPlugin:64 - create IPUIPlugin
2021-05-04 13:25:23,107 [INFO] PluginManager:203 - loadIPPluginJar : add dfsdm
2021-05-04 13:25:23,118 [INFO] IPUIPlugin:64 - create IPUIPlugin
2021-05-04 13:25:23,121 [INFO] PluginManager:203 - loadIPPluginJar : add dma
2021-05-04 13:25:23,124 [INFO] IPUIPlugin:64 - create IPUIPlugin
2021-05-04 13:25:23,125 [INFO] PluginManager:203 - loadIPPluginJar : add fatfs
2021-05-04 13:25:23,133 [INFO] IPUIPlugin:64 - create IPUIPlugin
2021-05-04 13:25:23,133 [INFO] PluginManager:203 - loadIPPluginJar : add fmc
2021-05-04 13:25:23,146 [INFO] IPUIPlugin:64 - create IPUIPlugin
2021-05-04 13:25:23,148 [INFO] PluginManager:203 - loadIPPluginJar : add freertos
2021-05-04 13:25:23,152 [INFO] IPUIPlugin:64 - create IPUIPlugin
2021-05-04 13:25:23,152 [INFO] PluginManager:203 - loadIPPluginJar : add genericplugin
2021-05-04 13:25:23,158 [INFO] IPUIPlugin:64 - create IPUIPlugin
2021-05-04 13:25:23,158 [INFO] PluginManager:203 - loadIPPluginJar : add gfxmmu
2021-05-04 13:25:23,169 [INFO] IPUIPlugin:64 - create IPUIPlugin
2021-05-04 13:25:23,169 [INFO] PluginManager:203 - loadIPPluginJar : add gic
2021-05-04 13:25:23,177 [INFO] IPUIPlugin:64 - create IPUIPlugin
2021-05-04 13:25:23,178 [INFO] PluginManager:203 - loadIPPluginJar : add gpio
2021-05-04 13:25:23,183 [INFO] IPUIPlugin:64 - create IPUIPlugin
2021-05-04 13:25:23,184 [INFO] PluginManager:203 - loadIPPluginJar : add gtzc
2021-05-04 13:25:23,188 [INFO] IPUIPlugin:64 - create IPUIPlugin
2021-05-04 13:25:23,188 [INFO] PluginManager:203 - loadIPPluginJar : add hash
2021-05-04 13:25:23,194 [INFO] IPUIPlugin:64 - create IPUIPlugin
2021-05-04 13:25:23,195 [INFO] PluginManager:203 - loadIPPluginJar : add i2c
2021-05-04 13:25:23,199 [INFO] IPUIPlugin:64 - create IPUIPlugin
2021-05-04 13:25:23,200 [INFO] PluginManager:203 - loadIPPluginJar : add i2s
2021-05-04 13:25:23,205 [INFO] IPUIPlugin:64 - create IPUIPlugin
2021-05-04 13:25:23,206 [INFO] PluginManager:203 - loadIPPluginJar : add ipddr
2021-05-04 13:25:23,212 [INFO] IPUIPlugin:64 - create IPUIPlugin
2021-05-04 13:25:23,213 [INFO] PluginManager:203 - loadIPPluginJar : add lorawan
2021-05-04 13:25:23,216 [INFO] IPUIPlugin:64 - create IPUIPlugin
2021-05-04 13:25:23,217 [INFO] PluginManager:203 - loadIPPluginJar : add ltdc
2021-05-04 13:25:23,226 [INFO] IPUIPlugin:64 - create IPUIPlugin
2021-05-04 13:25:23,226 [INFO] PluginManager:203 - loadIPPluginJar : add mdma
2021-05-04 13:25:23,234 [INFO] IPUIPlugin:64 - create IPUIPlugin
2021-05-04 13:25:23,235 [INFO] PluginManager:203 - loadIPPluginJar : add nvic
2021-05-04 13:25:23,240 [INFO] IPUIPlugin:64 - create IPUIPlugin
2021-05-04 13:25:23,241 [INFO] PluginManager:203 - loadIPPluginJar : add opamp
2021-05-04 13:25:23,247 [INFO] IPUIPlugin:64 - create IPUIPlugin
2021-05-04 13:25:23,248 [INFO] PluginManager:203 - loadIPPluginJar : add openamp
2021-05-04 13:25:23,255 [INFO] IPUIPlugin:64 - create IPUIPlugin
2021-05-04 13:25:23,256 [INFO] PluginManager:203 - loadIPPluginJar : add pdm2pcm
2021-05-04 13:25:23,266 [INFO] IPUIPlugin:64 - create IPUIPlugin
2021-05-04 13:25:23,273 [INFO] PluginManager:203 - loadIPPluginJar : add plateformsettings
2021-05-04 13:25:23,278 [INFO] IPUIPlugin:64 - create IPUIPlugin
2021-05-04 13:25:23,278 [INFO] PluginManager:203 - loadIPPluginJar : add quadspi
2021-05-04 13:25:23,284 [INFO] IPUIPlugin:64 - create IPUIPlugin
2021-05-04 13:25:23,284 [INFO] PluginManager:203 - loadIPPluginJar : add resmgrutility
2021-05-04 13:25:23,290 [INFO] IPUIPlugin:64 - create IPUIPlugin
2021-05-04 13:25:23,290 [INFO] PluginManager:203 - loadIPPluginJar : add sai
2021-05-04 13:25:23,295 [INFO] IPUIPlugin:64 - create IPUIPlugin
2021-05-04 13:25:23,295 [INFO] PluginManager:203 - loadIPPluginJar : add spi
2021-05-04 13:25:23,305 [INFO] IPUIPlugin:64 - create IPUIPlugin
2021-05-04 13:25:23,306 [INFO] PluginManager:203 - loadIPPluginJar : add stm32_wpan
2021-05-04 13:25:23,310 [INFO] IPUIPlugin:64 - create IPUIPlugin
2021-05-04 13:25:23,310 [INFO] PluginManager:203 - loadIPPluginJar : add tim
2021-05-04 13:25:23,318 [INFO] IPUIPlugin:64 - create IPUIPlugin
2021-05-04 13:25:23,319 [INFO] PluginManager:203 - loadIPPluginJar : add touchsensing
2021-05-04 13:25:23,323 [INFO] IPUIPlugin:64 - create IPUIPlugin
2021-05-04 13:25:23,323 [INFO] PluginManager:203 - loadIPPluginJar : add tracer_emb
2021-05-04 13:25:23,328 [INFO] IPUIPlugin:64 - create IPUIPlugin
2021-05-04 13:25:23,329 [INFO] PluginManager:203 - loadIPPluginJar : add ts
2021-05-04 13:25:23,332 [INFO] IPUIPlugin:64 - create IPUIPlugin
2021-05-04 13:25:23,333 [INFO] PluginManager:203 - loadIPPluginJar : add tsc
2021-05-04 13:25:23,337 [INFO] IPUIPlugin:64 - create IPUIPlugin
2021-05-04 13:25:23,337 [INFO] PluginManager:203 - loadIPPluginJar : add ucpd
2021-05-04 13:25:23,341 [INFO] IPUIPlugin:64 - create IPUIPlugin
2021-05-04 13:25:23,342 [INFO] PluginManager:203 - loadIPPluginJar : add usart
2021-05-04 13:25:24,172 [FATAL] Updater:284 - Updater called before beeing initialized
2021-05-04 13:25:24,544 [FATAL] Updater:284 - Updater called before beeing initialized
2021-05-04 13:25:24,607 [WARN] DetailPanel:347 - Failed to get advertising image, set to default
2021-05-04 13:25:24,612 [FATAL] Updater:284 - Updater called before beeing initialized
2021-05-04 13:25:24,612 [WARN] DetailPanel:347 - Failed to get advertising image, set to default
2021-05-04 13:25:24,758 [FATAL] Updater:284 - Updater called before beeing initialized
2021-05-04 13:25:24,758 [WARN] ThirdParty:783 - waiting for thirdparty lock release [close project]
2021-05-04 13:25:24,840 [INFO] ThirdPartyUpdaterWithRetryManager:56 - Updater plugin not ready yet. [2/15]
2021-05-04 13:25:27,843 [FATAL] Updater:284 - Updater called before beeing initialized
2021-05-04 13:25:27,843 [ERROR] AbstractThirdPartyUpdaterManager:153 - java.lang.Integer cannot be cast to java.util.List
2021-05-04 13:25:27,844 [INFO] ThirdParty:887 - Integrity check success = false
2021-05-04 13:25:27,844 [INFO] IntegrityCheckThread:75 - exiting critical section [integrity check]
2021-05-04 13:25:27,844 [INFO] IntegrityCheckThread:78 - End integrity checks thread
2021-05-04 13:25:27,844 [INFO] ThirdParty:785 - entering critical section [close project]
2021-05-04 13:25:27,847 [INFO] ThirdParty:796 - exiting critical section [close project]
2021-05-04 13:25:27,853 [INFO] PinOutPanel:1434 - setPackage(No Configuration,No Configuration)
2021-05-04 13:25:27,854 [FATAL] Updater:284 - Updater called before beeing initialized
2021-05-04 13:25:27,873 [ERROR] Updater:1065 - MainUpdater not yet initialized. External WinMGr cannot be set.
2021-05-04 13:25:27,876 [INFO] Updater:1002 - Updater Version found : 6.1.1
2021-05-04 13:25:27,936 [INFO] ApplicationProperties:181 - Using Application install path: C:\ST\STM32CubeIDE_1.5.1\STM32CubeIDE\plugins\com.st.stm32cube.common.mx_6.1.1.202012091304
2021-05-04 13:25:28,204 [INFO] MainUpdater:2644 - connection check result : 10
2021-05-04 13:25:28,205 [INFO] MainUpdater:249 - Updater Check For Update Now.
2021-05-04 13:25:28,207 [INFO] MicroXplorer:415 - Change Database Version : DB.6.0.10
2021-05-04 13:25:28,338 [INFO] CheckServerUpdateThread:102 - End of CheckServer Thread
2021-05-04 13:25:28,338 [INFO] MainUpdater:2644 - connection check result : 10
2021-05-04 13:25:31,131 [INFO] CrossSelectorPresenter:1330 - Cross Selector saved comparison directory: C:\Users\Raimonn\.stmcufinder\plugins\mcufinder\mcu\cs_comparisons_mx
2021-05-04 13:25:31,143 [INFO] MultiScanPanel:198 - Auto-refresh data requested => check proxy status ongoing
2021-05-04 13:25:31,152 [INFO] FinderPluginLoader:87 - Searching for filters in installed packs
2021-05-04 13:25:31,154 [INFO] DbMcusXml:97 - Load MCU database from C:\ST\STM32CubeIDE_1.5.1\STM32CubeIDE\plugins\com.st.stm32cube.common.mx_6.1.1.202012091304\\db\/mcu/families.xml
2021-05-04 13:25:32,305 [INFO] DbMcusJson:92 - JSON generation date=Thu Nov 05 17:05:07 CET 2020 (1604592307)
2021-05-04 13:25:33,496 [INFO] DbMcus:176 - Found 1835 MCUs (1796 are supported by CubeMX, 1796 are visible in CubeMX)
2021-05-04 13:25:33,497 [INFO] ApiDb:238 - Load user favorites file C:\Users\Raimonn/.stm32cubeide/favorites.mcus.txt: 0 item(s)
2021-05-04 13:25:33,497 [INFO] ApiDb:242 - User favorites MCUs=[]
2021-05-04 13:25:33,498 [INFO] DbMcus:188 - Set 0 / 0 favorites MCUs
2021-05-04 13:25:34,299 [WARN] DetailPanel:347 - Failed to get advertising image, set to default
2021-05-04 13:25:34,903 [INFO] McuFilterPanel:245 - Update 0 favorites MCUs
2021-05-04 13:25:35,050 [INFO] DbBoardsPdsc:91 - Found 24 items
2021-05-04 13:25:35,057 [INFO] DbBoardsPdsc:91 - Found 9 items
2021-05-04 13:25:35,068 [INFO] DbBoardsPdsc:91 - Found 32 items
2021-05-04 13:25:35,074 [INFO] DbBoardsPdsc:91 - Found 1 items
2021-05-04 13:25:35,089 [INFO] DbBoardsPdsc:91 - Found 45 items
2021-05-04 13:25:35,109 [INFO] DbBoardsPdsc:91 - Found 41 items
2021-05-04 13:25:35,115 [INFO] DbBoardsPdsc:91 - Found 2 items
2021-05-04 13:25:35,121 [INFO] DbBoardsPdsc:91 - Found 4 items
2021-05-04 13:25:35,135 [WARN] DbBoardsPdsc:255 - Board STM32H7B3I-DK: unknown feature type=Audio, name=, username=Audio stereo codec with Headphone Amp (CS42L51-CNZ), n=1
2021-05-04 13:25:35,137 [WARN] DbBoardsPdsc:255 - Board STM32H735G-DK: unknown feature type=Audio, name=, username=Audio stereo codec with Headphone Amp (WM8994ECS/R), n=1
2021-05-04 13:25:35,140 [WARN] DbBoardsPdsc:255 - Board STM32H7B3I-EVAL: unknown feature type=Audio, name=, username=Multi-Channel Audio Codec (CS42L51-CNZ), n=1
2021-05-04 13:25:35,142 [WARN] DbBoardsPdsc:255 - Board STM32H7B3I-EVAL: unknown feature type=Meter, name=, username=Power-metering and Temperature-monitoring with sigma-delta modulators, n=1
2021-05-04 13:25:35,142 [WARN] DbBoardsPdsc:255 - Board STM32H7B3I-EVAL: unknown feature type=Motor, name=, username=Motor Control, n=1
2021-05-04 13:25:35,181 [INFO] DbBoardsJson:85 - JSON generation date=Thu Nov 05 15:55:26 CET 2020 (1604588126)
2021-05-04 13:25:35,189 [INFO] DbBoards:118 - Found 158 boards (155 are supported by CubeMX)
2021-05-04 13:25:35,221 [INFO] DbBoardsDocs:145 - JSON generation date=Thu Nov 05 17:05:07 CET 2020 (1604592307)
2021-05-04 13:25:35,255 [INFO] DbBoardsDocs:81 - Found 190 boards documents
2021-05-04 13:25:35,259 [WARN] DbBoards:128 - board B-L462E-CELL1 has no document id list !
2021-05-04 13:25:35,259 [WARN] DbBoards:128 - board B-L475E-IOT01A2 has no document id list !
2021-05-04 13:25:35,261 [WARN] DbBoards:128 - board NUCLEO-G0B1RE has no document id list !
2021-05-04 13:25:35,261 [WARN] DbBoards:128 - board NUCLEO-G491RE has no document id list !
2021-05-04 13:25:35,262 [WARN] DbBoards:128 - board NUCLEO-H743ZI2 has no document id list !
2021-05-04 13:25:35,263 [WARN] DbBoards:128 - board NUCLEO-L4A6ZG has no document id list !
2021-05-04 13:25:35,264 [WARN] DbBoards:128 - board NUCLEO-WB55RG has no document id list !
2021-05-04 13:25:35,264 [WARN] DbBoards:128 - board NUCLEO-WL55JC1 has no document id list !
2021-05-04 13:25:35,264 [WARN] DbBoards:128 - board NUCLEO-WL55JC2 has no document id list !
2021-05-04 13:25:35,264 [WARN] DbBoards:128 - board P-NUCLEO-WB55-Nucleo has no document id list !
2021-05-04 13:25:35,265 [WARN] DbBoards:128 - board P-NUCLEO-WB55-USBDongle has no document id list !
2021-05-04 13:25:35,265 [WARN] DbBoards:128 - board STEVAL-BFA001V1B has no document id list !
2021-05-04 13:25:35,265 [WARN] DbBoards:128 - board STEVAL-BFA001V2B has no document id list !
2021-05-04 13:25:35,266 [WARN] DbBoards:128 - board STEVAL-IDP005V1 has no document id list !
2021-05-04 13:25:35,266 [WARN] DbBoards:128 - board STEVAL-IDP005V2 has no document id list !
2021-05-04 13:25:35,266 [WARN] DbBoards:128 - board STEVAL-MKSBOX1V1 has no document id list !
2021-05-04 13:25:35,266 [WARN] DbBoards:128 - board STEVAL-STWINKT1 has no document id list !
2021-05-04 13:25:35,267 [WARN] DbBoards:128 - board STM32F401C-DISCO has no document id list !
2021-05-04 13:25:35,268 [WARN] DbBoards:128 - board STM32F769I-DISC1 has no document id list !
2021-05-04 13:25:35,269 [WARN] DbBoards:128 - board STM32G0C1E-EV has no document id list !
2021-05-04 13:25:35,270 [WARN] DbBoards:128 - board STM32G474E-EVAL1 has no document id list !
2021-05-04 13:25:35,270 [WARN] DbBoards:128 - board STM32H743I-EVAL2 has no document id list !
2021-05-04 13:25:35,270 [WARN] DbBoards:128 - board STM32H747I-DISC1 has no document id list !
2021-05-04 13:25:35,271 [WARN] DbBoards:128 - board STM32H753I-EVAL2 has no document id list !
2021-05-04 13:25:35,272 [WARN] DbBoards:128 - board STM32L-DISCOVERY has no document id list !
2021-05-04 13:25:35,272 [WARN] DbBoards:128 - board STM32MP157A-DK1 has no document id list !
2021-05-04 13:25:35,273 [WARN] DbBoards:128 - board STM32MP157F-DK2 has no document id list !
2021-05-04 13:25:35,273 [WARN] DbBoards:128 - board STM32MP157F-EV1 has no document id list !
2021-05-04 13:25:38,586 [INFO] ApiDb:238 - Load user favorites file C:\Users\Raimonn/.stm32cubeide/favorites.boards.txt: 0 item(s)
2021-05-04 13:25:38,587 [INFO] ApiDb:242 - User favorites Boards=[]
2021-05-04 13:25:38,587 [INFO] DbBoards:207 - Set 0 / 0 favorites Boards
2021-05-04 13:26:09,564 [INFO] MainUpdater:2644 - connection check result : 10
2021-05-04 13:26:09,839 [INFO] CrossSelectorPresenter:1330 - Cross Selector saved comparison directory: C:\Users\Raimonn\.stmcufinder\plugins\mcufinder\mcu\cs_comparisons_mx
2021-05-04 13:26:09,841 [INFO] MultiScanPanel:198 - Auto-refresh data requested => check proxy status ongoing
2021-05-04 13:26:09,842 [INFO] FinderPluginLoader:87 - Searching for filters in installed packs
2021-05-04 13:26:10,133 [WARN] DetailPanel:347 - Failed to get advertising image, set to default
2021-05-04 13:26:10,340 [INFO] McuFilterPanel:245 - Update 0 favorites MCUs
2021-05-04 13:27:56,123 [INFO] MainUpdater:2644 - connection check result : 10
2021-05-04 13:27:56,124 [INFO] MainUpdater:2644 - connection check result : 10
2021-05-04 13:27:56,190 [INFO] MicroXplorer:385 - Change Database Path : 
2021-05-04 13:27:56,191 [INFO] MicroXplorer:415 - Change Database Version : DB.6.0.10
2021-05-04 13:27:56,191 [WARN] ThirdParty:783 - waiting for thirdparty lock release [close project]
2021-05-04 13:27:56,191 [INFO] ThirdParty:785 - entering critical section [close project]
2021-05-04 13:27:56,191 [INFO] ThirdParty:796 - exiting critical section [close project]
2021-05-04 13:27:56,195 [INFO] PinOutPanel:1434 - setPackage(No Configuration,No Configuration)
2021-05-04 13:27:56,197 [INFO] UtilMem:74 - Begin LoadConfig() Used Memory: 534956552 Bytes (685768704)
2021-05-04 13:28:16,335 [INFO] ServerAccessManage:348 - Download File stm32cube_db_v5060.zip
2021-05-04 13:28:32,848 [INFO] FileExtend:225 - Unzip File : stm32cube_db_v5060.zip
2021-05-04 13:28:32,849 [INFO] FileExtend:240 - Standard Zip Deflate
2021-05-04 13:28:53,130 [INFO] LoadServerPackagesThread:169 - End of LoadServerPackages Thread
2021-05-04 13:28:53,227 [INFO] CheckServerUpdateThread:102 - End of CheckServer Thread
2021-05-04 13:28:58,368 [INFO] FileExtend:225 - Unzip File : stm32cube_fw_f4_v1250.zip
2021-05-04 13:28:58,369 [INFO] FileExtend:240 - Standard Zip Deflate
2021-05-04 13:32:09,989 [INFO] LoadServerPackagesThread:169 - End of LoadServerPackages Thread
2021-05-04 13:32:10,066 [INFO] CheckServerUpdateThread:102 - End of CheckServer Thread
2021-05-04 13:32:10,091 [INFO] MicroXplorer:385 - Change Database Path : C:/Users/Raimonn/.stm32cubemx/databases/DB.5.0.60/db/
2021-05-04 13:32:10,091 [INFO] MicroXplorer:415 - Change Database Version : DB.5.0.60
2021-05-04 13:32:10,092 [INFO] OpenFileManager:274 - Change cursor
2021-05-04 13:32:10,092 [WARN] ThirdParty:204 - Use empty third party IP manager
2021-05-04 13:32:10,148 [WARN] IntegrityCheckThread:59 - waiting for thirdparty lock release [integrity check]
2021-05-04 13:32:10,148 [INFO] IntegrityCheckThread:61 - entering critical section [integrity check]
2021-05-04 13:32:10,426 [WARN] ConditionMgr:437 - getConditionDescription Invalid condition id : SIGFOX STM32 LIB Condition cause : null
2021-05-04 13:32:10,431 [WARN] ConditionMgr:437 - getConditionDescription Invalid condition id : Sigfox Third Party LIB Condition cause : null
2021-05-04 13:32:10,439 [WARN] ConditionMgr:1040 - genDependencies : Invalid condition id : SIGFOX STM32 LIB Condition cause : null
2021-05-04 13:32:10,439 [WARN] ConditionMgr:1040 - genDependencies : Invalid condition id : Sigfox Third Party LIB Condition cause : null
2021-05-04 13:32:10,439 [WARN] ConditionMgr:1040 - genDependencies : Invalid condition id : Sigfox Third Party LIB Condition cause : null
2021-05-04 13:32:10,439 [WARN] ConditionMgr:1040 - genDependencies : Invalid condition id : SIGFOX STM32 LIB Condition cause : null
2021-05-04 13:32:10,439 [WARN] ConditionMgr:1040 - genDependencies : Invalid condition id : SIGFOX STM32 LIB Condition cause : null
2021-05-04 13:32:10,443 [WARN] ConditionMgr:1040 - genDependencies : Invalid condition id : Sigfox Third Party LIB Condition cause : null
2021-05-04 13:32:12,011 [INFO] ThirdParty:887 - Integrity check success = true
2021-05-04 13:32:12,011 [INFO] IntegrityCheckThread:75 - exiting critical section [integrity check]
2021-05-04 13:32:12,011 [INFO] IntegrityCheckThread:78 - End integrity checks thread
2021-05-04 13:32:15,116 [WARN] ApiManager:294 - Cannot register API 'Board Extension:S2868A1' from pack STMicroelectronics.X-CUBE-SFXS2LP1.3.0.0: no header file found
2021-05-04 13:32:15,117 [WARN] ApiManager:294 - Cannot register API 'Board Extension:S2868A2' from pack STMicroelectronics.X-CUBE-SFXS2LP1.3.0.0: no header file found
2021-05-04 13:32:15,117 [WARN] ApiManager:294 - Cannot register API 'Board Extension:S2915A1' from pack STMicroelectronics.X-CUBE-SFXS2LP1.3.0.0: no header file found
2021-05-04 13:32:15,128 [WARN] ApiManager:294 - Cannot register API 'Board Extension:S2868A1' from pack STMicroelectronics.X-CUBE-SUBG2.3.0.1: no header file found
2021-05-04 13:32:15,128 [WARN] ApiManager:294 - Cannot register API 'Board Extension:S2868A2' from pack STMicroelectronics.X-CUBE-SUBG2.3.0.1: no header file found
2021-05-04 13:32:15,128 [WARN] ApiManager:294 - Cannot register API 'Board Extension:S2915A1' from pack STMicroelectronics.X-CUBE-SUBG2.3.0.1: no header file found
2021-05-04 13:32:15,139 [WARN] ModelIntegratedComponent:51 - No mode defined for component null
2021-05-04 13:32:15,139 [WARN] ModelIntegratedComponent:51 - No mode defined for component null
2021-05-04 13:32:15,139 [WARN] ModelIntegratedComponent:51 - No mode defined for component null
2021-05-04 13:32:15,139 [WARN] ModelIntegratedComponent:51 - No mode defined for component null
2021-05-04 13:32:15,140 [WARN] ModelIntegratedComponent:51 - No mode defined for component null
2021-05-04 13:32:15,140 [WARN] ModelIntegratedComponent:51 - No mode defined for component null
2021-05-04 13:32:15,140 [WARN] ModelIntegratedComponent:51 - No mode defined for component null
2021-05-04 13:32:15,140 [WARN] ModelIntegratedComponent:51 - No mode defined for component null
2021-05-04 13:32:15,140 [WARN] ModelIntegratedComponent:51 - No mode defined for component null
2021-05-04 13:32:15,140 [WARN] ModelIntegratedComponent:51 - No mode defined for component null
2021-05-04 13:32:15,140 [WARN] ModelIntegratedComponent:51 - No mode defined for component null
2021-05-04 13:32:15,140 [WARN] ModelIntegratedComponent:51 - No mode defined for component null
2021-05-04 13:32:15,140 [WARN] ModelIntegratedComponent:51 - No mode defined for component null
2021-05-04 13:32:15,140 [WARN] ModelIntegratedComponent:51 - No mode defined for component null
2021-05-04 13:32:15,140 [WARN] ModelIntegratedComponent:51 - No mode defined for component null
2021-05-04 13:32:15,140 [WARN] ModelIntegratedComponent:51 - No mode defined for component null
2021-05-04 13:32:15,140 [WARN] ModelIntegratedComponent:51 - No mode defined for component null
2021-05-04 13:32:15,140 [WARN] ModelIntegratedComponent:51 - No mode defined for component null
2021-05-04 13:32:15,140 [WARN] ModelIntegratedComponent:51 - No mode defined for component null
2021-05-04 13:32:15,140 [WARN] ModelIntegratedComponent:51 - No mode defined for component null
2021-05-04 13:32:15,140 [WARN] ModelIntegratedComponent:51 - No mode defined for component null
2021-05-04 13:32:15,140 [WARN] ModelIntegratedComponent:51 - No mode defined for component null
2021-05-04 13:32:15,140 [WARN] ModelIntegratedComponent:51 - No mode defined for component null
2021-05-04 13:32:15,140 [WARN] ModelIntegratedComponent:51 - No mode defined for component null
2021-05-04 13:32:15,140 [WARN] ModelIntegratedComponent:51 - No mode defined for component null
2021-05-04 13:32:15,140 [WARN] ModelIntegratedComponent:51 - No mode defined for component null
2021-05-04 13:32:15,144 [WARN] ModelIntegratedComponent:51 - No mode defined for component null
2021-05-04 13:32:15,144 [WARN] ModelIntegratedComponent:51 - No mode defined for component null
2021-05-04 13:32:15,145 [WARN] ModelIntegratedComponent:51 - No mode defined for component null
2021-05-04 13:32:15,145 [WARN] ModelIntegratedComponent:51 - No mode defined for component null
2021-05-04 13:32:15,145 [WARN] ModelIntegratedComponent:51 - No mode defined for component null
2021-05-04 13:32:15,146 [WARN] ModelIntegratedComponent:51 - No mode defined for component null
2021-05-04 13:32:15,146 [WARN] ModelIntegratedComponent:51 - No mode defined for component null
2021-05-04 13:32:15,146 [WARN] ModelIntegratedComponent:51 - No mode defined for component null
2021-05-04 13:32:15,146 [WARN] ModelIntegratedComponent:51 - No mode defined for component null
2021-05-04 13:32:15,147 [WARN] ModelIntegratedComponent:51 - No mode defined for component null
2021-05-04 13:32:15,147 [WARN] ModelIntegratedComponent:51 - No mode defined for component null
2021-05-04 13:32:15,147 [WARN] ModelIntegratedComponent:51 - No mode defined for component null
2021-05-04 13:32:15,154 [WARN] ApiManager:294 - Cannot register API 'Board Extension:S2868A1' from pack STMicroelectronics.X-CUBE-SFXS2LP1.2.0.0: no header file found
2021-05-04 13:32:15,155 [WARN] ApiManager:294 - Cannot register API 'Board Extension:S2868A2' from pack STMicroelectronics.X-CUBE-SFXS2LP1.2.0.0: no header file found
2021-05-04 13:32:15,155 [WARN] ApiManager:294 - Cannot register API 'Board Extension:S2915A1' from pack STMicroelectronics.X-CUBE-SFXS2LP1.2.0.0: no header file found
2021-05-04 13:32:15,162 [WARN] ApiManager:294 - Cannot register API 'Board Extension:S2868A1' from pack STMicroelectronics.X-CUBE-SUBG2.4.0.0: no header file found
2021-05-04 13:32:15,162 [WARN] ApiManager:294 - Cannot register API 'Board Extension:S2868A2' from pack STMicroelectronics.X-CUBE-SUBG2.4.0.0: no header file found
2021-05-04 13:32:15,162 [WARN] ApiManager:294 - Cannot register API 'Board Extension:S2915A1' from pack STMicroelectronics.X-CUBE-SUBG2.4.0.0: no header file found
2021-05-04 13:32:15,257 [WARN] ApiManager:294 - Cannot register API 'Board Extension:IKS01A3' from pack STMicroelectronics.X-CUBE-MEMS1.8.2.0: no header file found
2021-05-04 13:32:15,257 [WARN] ApiManager:294 - Cannot register API 'Board Extension:IKS01A2' from pack STMicroelectronics.X-CUBE-MEMS1.8.2.0: no header file found
2021-05-04 13:32:15,258 [WARN] ApiManager:294 - Cannot register API 'Board Extension:IKS02A1' from pack STMicroelectronics.X-CUBE-MEMS1.8.2.0: no header file found
2021-05-04 13:32:15,273 [WARN] ApiManager:294 - Cannot register API 'Board Extension:EEPRMA1' from pack STMicroelectronics.X-CUBE-EEPRMA1.3.0.0: no header file found
2021-05-04 13:32:15,273 [WARN] ApiManager:294 - Cannot register API 'Board Extension:EEPRMA2' from pack STMicroelectronics.X-CUBE-EEPRMA1.3.0.0: no header file found
2021-05-04 13:32:15,369 [WARN] ApiManager:294 - Cannot register API 'Board Extension:IKS01A3' from pack STMicroelectronics.X-CUBE-MEMS1.8.3.0: no header file found
2021-05-04 13:32:15,369 [WARN] ApiManager:294 - Cannot register API 'Board Extension:IKS01A2' from pack STMicroelectronics.X-CUBE-MEMS1.8.3.0: no header file found
2021-05-04 13:32:15,370 [WARN] ApiManager:294 - Cannot register API 'Board Extension:IKS02A1' from pack STMicroelectronics.X-CUBE-MEMS1.8.3.0: no header file found
2021-05-04 13:32:15,381 [INFO] RtosManager:464 - Registered RTOS mode: class=CMSIS, group=RTOS, mode=CMSIS_V1, owner=FREERTOS
2021-05-04 13:32:15,381 [INFO] RtosManager:464 - Registered RTOS mode: class=CMSIS, group=RTOS2, mode=CMSIS_V2, owner=FREERTOS
2021-05-04 13:32:15,381 [INFO] RtosManager:464 - Registered RTOS mode: class=RTOS, group=Core, mode=CMSIS_V1, owner=FREERTOS
2021-05-04 13:32:15,381 [INFO] RtosManager:464 - Registered RTOS mode: class=RTOS, group=Core, mode=CMSIS_V2, owner=FREERTOS
2021-05-04 13:32:15,381 [WARN] ModelIntegratedComponent:182 - Missing modes for component STMicroelectronics:FreeRTOS:0.0.1:STMicroelectronics:RTOS:FreeRTOS:Core:::10.2.0:
2021-05-04 13:32:15,386 [WARN] ApiManager:294 - Cannot register API 'Board Extension:GNSS1A1' from pack STMicroelectronics.X-CUBE-GNSS1.5.1.0: no header file found
2021-05-04 13:32:15,387 [WARN] ApiManager:294 - Cannot register API 'Board Support:Custom' from pack STMicroelectronics.X-CUBE-GNSS1.5.1.0: no header file found
2021-05-04 13:32:15,387 [WARN] ApiManager:294 - Cannot register API 'Data Exchange:lib_gnss' from pack STMicroelectronics.X-CUBE-GNSS1.5.1.0: no header file found
2021-05-04 13:32:15,388 [WARN] ApiManager:294 - Cannot register API 'Board Extension:GNSS1A1' from pack STMicroelectronics.X-CUBE-GNSS1.5.2.0: no header file found
2021-05-04 13:32:15,389 [WARN] ApiManager:294 - Cannot register API 'Board Support:Custom' from pack STMicroelectronics.X-CUBE-GNSS1.5.2.0: no header file found
2021-05-04 13:32:15,389 [WARN] ApiManager:294 - Cannot register API 'Data Exchange:lib_gnss' from pack STMicroelectronics.X-CUBE-GNSS1.5.2.0: no header file found
2021-05-04 13:32:15,390 [WARN] ApiManager:294 - Cannot register API 'Wireless:BlueNRG-MS' from pack STMicroelectronics.X-CUBE-BLE1.6.1.0: no header file found
2021-05-04 13:32:15,392 [WARN] ApiManager:294 - Cannot register API 'Board Extension:NFC04A1' from pack STMicroelectronics.X-CUBE-NFC4.2.0.2: no header file found
2021-05-04 13:32:15,394 [WARN] ApiManager:294 - Cannot register API 'Board Extension:NFC04A1' from pack STMicroelectronics.X-CUBE-NFC4.2.0.1: no header file found
2021-05-04 13:32:15,398 [WARN] ApiManager:294 - Cannot register API 'Wireless:BlueNRG-2' from pack STMicroelectronics.X-CUBE-BLE2.3.1.0: no header file found
2021-05-04 13:32:15,399 [WARN] ApiManager:294 - Cannot register API 'Wireless:BlueNRG-2' from pack STMicroelectronics.X-CUBE-BLE2.3.2.0: no header file found
2021-05-04 13:32:16,173 [INFO] ImportTextPane:162 - (OptionalMessage_ERROR) IP (RCC) : Parameter (RTCHSEDivFreq_Value) has invalid value (4000000)
2021-05-04 13:32:16,503 [INFO] UtilMem:74 - End LoadConfig() Used Memory: 607783328 Bytes (1073741824)
2021-05-04 13:32:16,506 [WARN] ThirdParty:749 - waiting for thirdparty lock release [change project]
2021-05-04 13:32:16,507 [INFO] ThirdParty:751 - entering critical section [change project]
2021-05-04 13:32:16,507 [INFO] ThirdParty:939 - CMSIS Pack Vendor :RoweBots I-CUBE-UNISONRTOS 5.5.0-4
2021-05-04 13:32:16,507 [INFO] ThirdParty:939 - CMSIS Pack Vendor :STMicroelectronics X-CUBE-SFXS2LP1 3.0.0
2021-05-04 13:32:16,507 [INFO] ThirdParty:939 - CMSIS Pack Vendor :STMicroelectronics USB_HOST 2.0.0
2021-05-04 13:32:16,507 [INFO] ThirdParty:939 - CMSIS Pack Vendor :STMicroelectronics X-CUBE-SUBG2 3.0.1
2021-05-04 13:32:16,507 [INFO] ThirdParty:939 - CMSIS Pack Vendor :STMicroelectronics USB_DEVICE 3.0.0
2021-05-04 13:32:16,507 [INFO] ThirdParty:939 - CMSIS Pack Vendor :STMicroelectronics HAL Drivers 0.0.0
2021-05-04 13:32:16,507 [INFO] ThirdParty:939 - CMSIS Pack Vendor :STMicroelectronics MBEDTLS 2.16.2
2021-05-04 13:32:16,508 [INFO] ThirdParty:939 - CMSIS Pack Vendor :STMicroelectronics X-CUBE-SFXS2LP1 2.0.0
2021-05-04 13:32:16,508 [INFO] ThirdParty:939 - CMSIS Pack Vendor :STMicroelectronics MBEDTLS 2.14.1
2021-05-04 13:32:16,508 [INFO] ThirdParty:939 - CMSIS Pack Vendor :STMicroelectronics X-CUBE-SUBG2 4.0.0
2021-05-04 13:32:16,508 [INFO] ThirdParty:939 - CMSIS Pack Vendor :STMicroelectronics X-CUBE-TOF1 1.0.0
2021-05-04 13:32:16,508 [INFO] ThirdParty:939 - CMSIS Pack Vendor :STMicroelectronics X-CUBE-AZRTOS-H7 1.0.0
2021-05-04 13:32:16,508 [INFO] ThirdParty:939 - CMSIS Pack Vendor :STMicroelectronics USB_DEVICE 2.0.0
2021-05-04 13:32:16,508 [INFO] ThirdParty:939 - CMSIS Pack Vendor :STMicroelectronics X-CUBE-MEMS1 8.2.0
2021-05-04 13:32:16,508 [INFO] ThirdParty:939 - CMSIS Pack Vendor :STMicroelectronics X-CUBE-EEPRMA1 3.0.0
2021-05-04 13:32:16,509 [INFO] ThirdParty:939 - CMSIS Pack Vendor :STMicroelectronics X-CUBE-MEMS1 8.3.0
2021-05-04 13:32:16,509 [INFO] ThirdParty:939 - CMSIS Pack Vendor :STMicroelectronics X-CUBE-DISPLAY 1.0.0
2021-05-04 13:32:16,509 [INFO] ThirdParty:939 - CMSIS Pack Vendor :STMicroelectronics FreeRTOS 0.0.1
2021-05-04 13:32:16,509 [INFO] ThirdParty:939 - CMSIS Pack Vendor :STMicroelectronics USB_DEVICE 1.0.0
2021-05-04 13:32:16,510 [INFO] ThirdParty:939 - CMSIS Pack Vendor :STMicroelectronics X-CUBE-AI 6.0.0
2021-05-04 13:32:16,510 [INFO] ThirdParty:939 - CMSIS Pack Vendor :STMicroelectronics X-CUBE-ALGOBUILD 1.1.0
2021-05-04 13:32:16,510 [INFO] ThirdParty:939 - CMSIS Pack Vendor :STMicroelectronics X-CUBE-ALGOBUILD 1.2.0
2021-05-04 13:32:16,510 [INFO] ThirdParty:939 - CMSIS Pack Vendor :STMicroelectronics X-CUBE-GNSS1 5.1.0
2021-05-04 13:32:16,510 [INFO] ThirdParty:939 - CMSIS Pack Vendor :STMicroelectronics X-CUBE-GNSS1 5.2.0
2021-05-04 13:32:16,510 [INFO] ThirdParty:939 - CMSIS Pack Vendor :STMicroelectronics X-CUBE-BLE1 6.1.0
2021-05-04 13:32:16,510 [INFO] ThirdParty:939 - CMSIS Pack Vendor :STMicroelectronics lwIP 2.0.3
2021-05-04 13:32:16,510 [INFO] ThirdParty:939 - CMSIS Pack Vendor :STMicroelectronics lwIP 2.1.2
2021-05-04 13:32:16,510 [INFO] ThirdParty:939 - CMSIS Pack Vendor :STMicroelectronics USB_HOST 1.0.0
2021-05-04 13:32:16,510 [INFO] ThirdParty:939 - CMSIS Pack Vendor :STMicroelectronics X-CUBE-NFC4 2.0.2
2021-05-04 13:32:16,510 [INFO] ThirdParty:939 - CMSIS Pack Vendor :STMicroelectronics X-CUBE-NFC4 2.0.1
2021-05-04 13:32:16,510 [INFO] ThirdParty:939 - CMSIS Pack Vendor :wolfSSL I-CUBE-wolfSSL 4.7.0
2021-05-04 13:32:16,510 [INFO] ThirdParty:939 - CMSIS Pack Vendor :STMicroelectronics X-CUBE-TOUCHGFX 4.16.1
2021-05-04 13:32:16,512 [INFO] ThirdParty:939 - CMSIS Pack Vendor :STMicroelectronics X-CUBE-AI 5.2.0
2021-05-04 13:32:16,512 [INFO] ThirdParty:939 - CMSIS Pack Vendor :STMicroelectronics PDM2PCM 3.1.0
2021-05-04 13:32:16,512 [INFO] ThirdParty:939 - CMSIS Pack Vendor :STMicroelectronics X-CUBE-TOUCHGFX 4.16.0
2021-05-04 13:32:16,512 [INFO] ThirdParty:939 - CMSIS Pack Vendor :STMicroelectronics PDM2PCM 3.2.0
2021-05-04 13:32:16,512 [INFO] ThirdParty:939 - CMSIS Pack Vendor :STMicroelectronics X-CUBE-BLE2 3.1.0
2021-05-04 13:32:16,512 [INFO] ThirdParty:939 - CMSIS Pack Vendor :STMicroelectronics PDM2PCM 3.3.0
2021-05-04 13:32:16,512 [INFO] ThirdParty:939 - CMSIS Pack Vendor :STMicroelectronics X-CUBE-BLE2 3.2.0
2021-05-04 13:32:16,513 [INFO] ThirdParty:757 - exiting critical section [change project]
2021-05-04 13:32:16,919 [INFO] PinOutPanel:1434 - setPackage(No Configuration,No Configuration)
2021-05-04 13:32:16,924 [INFO] PinOutPanel:1434 - setPackage(STM32F401RETx,LQFP64)
2021-05-04 13:32:17,930 [INFO] UtilMem:74 - Before build in PCC Used Memory: 672042256 Bytes (1073741824)
2021-05-04 13:32:18,886 [INFO] SharedServices:72 - Folder for power plug-in: C:/Users/Raimonn/.stm32cubemx/plugins/power
2021-05-04 13:32:18,948 [INFO] SharedServices:72 - Folder for power plug-in: C:/Users/Raimonn/.stm32cubemx/plugins/power
2021-05-04 13:32:19,054 [INFO] SharedServices:72 - Folder for power plug-in: C:/Users/Raimonn/.stm32cubemx/plugins/power
2021-05-04 13:32:19,062 [INFO] SharedServices:72 - Folder for power plug-in: C:/Users/Raimonn/.stm32cubemx/plugins/power
2021-05-04 13:32:19,428 [INFO] UtilMem:74 - After build in PCC Used Memory: 727616784 Bytes (1073741824)
2021-05-04 13:32:19,469 [INFO] IPUIPlugin:64 - create IPUIPlugin
2021-05-04 13:32:19,469 [INFO] IPUIPlugin:64 - create IPUIPlugin
2021-05-04 13:32:19,470 [INFO] IPUIPlugin:64 - create IPUIPlugin
2021-05-04 13:32:19,470 [INFO] IPUIPlugin:64 - create IPUIPlugin
2021-05-04 13:32:19,470 [INFO] IPUIPlugin:64 - create IPUIPlugin
2021-05-04 13:32:19,471 [INFO] IPUIPlugin:64 - create IPUIPlugin
2021-05-04 13:32:19,471 [INFO] IPUIPlugin:64 - create IPUIPlugin
2021-05-04 13:32:19,471 [INFO] IPUIPlugin:64 - create IPUIPlugin
2021-05-04 13:32:19,471 [INFO] IPUIPlugin:64 - create IPUIPlugin
2021-05-04 13:32:19,472 [INFO] IPUIPlugin:64 - create IPUIPlugin
2021-05-04 13:32:19,472 [INFO] IPUIPlugin:64 - create IPUIPlugin
2021-05-04 13:32:19,473 [INFO] IPUIPlugin:64 - create IPUIPlugin
2021-05-04 13:32:19,473 [INFO] IPUIPlugin:64 - create IPUIPlugin
2021-05-04 13:32:19,474 [INFO] IPUIPlugin:64 - create IPUIPlugin
2021-05-04 13:32:19,474 [INFO] IPUIPlugin:64 - create IPUIPlugin
2021-05-04 13:32:19,474 [INFO] IPUIPlugin:64 - create IPUIPlugin
2021-05-04 13:32:19,474 [INFO] IPUIPlugin:64 - create IPUIPlugin
2021-05-04 13:32:19,474 [INFO] IPUIPlugin:64 - create IPUIPlugin
2021-05-04 13:32:19,476 [INFO] IPUIPlugin:64 - create IPUIPlugin
2021-05-04 13:32:19,476 [INFO] IPUIPlugin:64 - create IPUIPlugin
2021-05-04 13:32:19,478 [INFO] IPUIPlugin:64 - create IPUIPlugin
2021-05-04 13:32:19,478 [INFO] IPUIPlugin:64 - create IPUIPlugin
2021-05-04 13:32:19,479 [INFO] IPUIPlugin:64 - create IPUIPlugin
2021-05-04 13:32:19,479 [INFO] IPUIPlugin:64 - create IPUIPlugin
2021-05-04 13:32:19,479 [INFO] IPUIPlugin:64 - create IPUIPlugin
2021-05-04 13:32:19,480 [INFO] IPUIPlugin:64 - create IPUIPlugin
2021-05-04 13:32:19,480 [INFO] IPUIPlugin:64 - create IPUIPlugin
2021-05-04 13:32:19,480 [INFO] IPUIPlugin:64 - create IPUIPlugin
2021-05-04 13:32:19,481 [INFO] IPUIPlugin:64 - create IPUIPlugin
2021-05-04 13:32:19,481 [INFO] IPUIPlugin:64 - create IPUIPlugin
2021-05-04 13:32:19,481 [INFO] IPUIPlugin:64 - create IPUIPlugin
2021-05-04 13:32:19,481 [INFO] IPUIPlugin:64 - create IPUIPlugin
2021-05-04 13:32:19,481 [INFO] IPUIPlugin:64 - create IPUIPlugin
2021-05-04 13:32:19,483 [INFO] IPUIPlugin:64 - create IPUIPlugin
2021-05-04 13:32:19,483 [INFO] IPUIPlugin:64 - create IPUIPlugin
2021-05-04 13:32:19,484 [INFO] IPUIPlugin:64 - create IPUIPlugin
2021-05-04 13:32:19,484 [INFO] IPUIPlugin:64 - create IPUIPlugin
2021-05-04 13:32:19,485 [INFO] IPUIPlugin:64 - create IPUIPlugin
2021-05-04 13:32:19,618 [INFO] ApiDbMcu:456 - Load IP Config File for PDM2PCM
2021-05-04 13:32:19,689 [INFO] LogOutputStream:76 - [STDOUT_REDIRECT] toolchainItems.length=====1
2021-05-04 13:32:19,882 [INFO] OpenFileManager:294 - Restore cursor
2021-05-04 13:32:20,477 [INFO] UtilMem:74 - End SaveConfig() Used Memory: 800494856 Bytes (1073741824)
2021-05-04 13:32:20,633 [INFO] UtilMem:74 - End SaveConfig() Used Memory: 806259984 Bytes (1073741824)
2021-05-04 13:32:21,310 [INFO] BlockDiagram:2735 - set Specific Code input for plugin: NVIC
2021-05-04 13:32:21,311 [INFO] BlockDiagram:2735 - set Specific Code input for plugin: USART
2021-05-04 13:32:21,311 [INFO] BlockDiagram:2735 - set Specific Code input for plugin: SYS
2021-05-04 13:32:21,311 [INFO] BlockDiagram:2735 - set Specific Code input for plugin: GPIO
2021-05-04 13:32:21,311 [INFO] BlockDiagram:2735 - set Specific Code input for plugin: ADC
2021-05-04 13:32:21,311 [INFO] BlockDiagram:2735 - set Specific Code input for plugin: RCC
2021-05-04 13:32:21,315 [INFO] CodeGenerator:639 - code generatio: config db path: C:/Users/Raimonn/.stm32cubemx/databases/DB.5.0.60/db/
2021-05-04 13:32:21,965 [INFO] CodeEngine:229 - oldGeneratedFile, C:\Users\Raimonn\Desktop\CARRERA FULL\4rt\2n semestre\MASB\masb_workspace\masb-pot-s-blaugrana\masb-pot-s-firmware\MXTmpFiles\license.tmp_save
2021-05-04 13:32:22,890 [INFO] CodeEngine:247 - Generated code: C:\Users\Raimonn\Desktop\CARRERA FULL\4rt\2n semestre\MASB\masb_workspace\masb-pot-s-blaugrana\masb-pot-s-firmware\MXTmpFiles\license.tmp
2021-05-04 13:32:22,994 [INFO] CodeEngine:229 - oldGeneratedFile, C:\Users\Raimonn\Desktop\CARRERA FULL\4rt\2n semestre\MASB\masb_workspace\masb-pot-s-blaugrana\masb-pot-s-firmware\MXTmpFiles\gpio.tmp_save
2021-05-04 13:32:23,182 [INFO] CodeEngine:247 - Generated code: C:\Users\Raimonn\Desktop\CARRERA FULL\4rt\2n semestre\MASB\masb_workspace\masb-pot-s-blaugrana\masb-pot-s-firmware\MXTmpFiles\gpio.tmp
2021-05-04 13:32:23,406 [INFO] LogOutputStream:76 - [STDOUT_REDIRECT] Command line
2021-05-04 13:32:23,410 [INFO] LogOutputStream:76 - [STDOUT_REDIRECT] Command line
2021-05-04 13:32:23,435 [INFO] CodeEngine:229 - oldGeneratedFile, C:\Users\Raimonn\Desktop\CARRERA FULL\4rt\2n semestre\MASB\masb_workspace\masb-pot-s-blaugrana\masb-pot-s-firmware\Core\Src\stm32f4xx_it.c_save
2021-05-04 13:32:23,677 [INFO] CodeEngine:247 - Generated code: C:\Users\Raimonn\Desktop\CARRERA FULL\4rt\2n semestre\MASB\masb_workspace\masb-pot-s-blaugrana\masb-pot-s-firmware\Core\Src\stm32f4xx_it.c
2021-05-04 13:32:23,690 [INFO] CodeEngine:229 - oldGeneratedFile, C:\Users\Raimonn\Desktop\CARRERA FULL\4rt\2n semestre\MASB\masb_workspace\masb-pot-s-blaugrana\masb-pot-s-firmware\Core\Inc\stm32f4xx_it.h_save
2021-05-04 13:32:23,884 [INFO] CodeEngine:247 - Generated code: C:\Users\Raimonn\Desktop\CARRERA FULL\4rt\2n semestre\MASB\masb_workspace\masb-pot-s-blaugrana\masb-pot-s-firmware\Core\Inc\stm32f4xx_it.h
2021-05-04 13:32:23,917 [INFO] CodeEngine:229 - oldGeneratedFile, C:\Users\Raimonn\Desktop\CARRERA FULL\4rt\2n semestre\MASB\masb_workspace\masb-pot-s-blaugrana\masb-pot-s-firmware\Core\Src\stm32f4xx_hal_msp.c_save
2021-05-04 13:32:24,288 [INFO] CodeEngine:247 - Generated code: C:\Users\Raimonn\Desktop\CARRERA FULL\4rt\2n semestre\MASB\masb_workspace\masb-pot-s-blaugrana\masb-pot-s-firmware\Core\Src\stm32f4xx_hal_msp.c
2021-05-04 13:32:24,307 [INFO] CodeEngine:229 - oldGeneratedFile, C:\Users\Raimonn\Desktop\CARRERA FULL\4rt\2n semestre\MASB\masb_workspace\masb-pot-s-blaugrana\masb-pot-s-firmware\MXTmpFiles\system.tmp_save
2021-05-04 13:32:24,417 [INFO] CodeEngine:247 - Generated code: C:\Users\Raimonn\Desktop\CARRERA FULL\4rt\2n semestre\MASB\masb_workspace\masb-pot-s-blaugrana\masb-pot-s-firmware\MXTmpFiles\system.tmp
2021-05-04 13:32:24,447 [INFO] CodeEngine:229 - oldGeneratedFile, C:\Users\Raimonn\Desktop\CARRERA FULL\4rt\2n semestre\MASB\masb_workspace\masb-pot-s-blaugrana\masb-pot-s-firmware\Core\Inc\stm32f4xx_hal_conf.h_save
2021-05-04 13:32:24,605 [INFO] CodeEngine:247 - Generated code: C:\Users\Raimonn\Desktop\CARRERA FULL\4rt\2n semestre\MASB\masb_workspace\masb-pot-s-blaugrana\masb-pot-s-firmware\Core\Inc\stm32f4xx_hal_conf.h
2021-05-04 13:32:24,701 [INFO] CodeEngine:229 - oldGeneratedFile, C:\Users\Raimonn\Desktop\CARRERA FULL\4rt\2n semestre\MASB\masb_workspace\masb-pot-s-blaugrana\masb-pot-s-firmware\Core\Inc\main.h_save
2021-05-04 13:32:24,848 [INFO] CodeEngine:247 - Generated code: C:\Users\Raimonn\Desktop\CARRERA FULL\4rt\2n semestre\MASB\masb_workspace\masb-pot-s-blaugrana\masb-pot-s-firmware\Core\Inc\main.h
2021-05-04 13:32:24,863 [INFO] CodeEngine:229 - oldGeneratedFile, C:\Users\Raimonn\Desktop\CARRERA FULL\4rt\2n semestre\MASB\masb_workspace\masb-pot-s-blaugrana\masb-pot-s-firmware\Core\Src\main.c_save
2021-05-04 13:32:25,029 [INFO] CodeEngine:247 - Generated code: C:\Users\Raimonn\Desktop\CARRERA FULL\4rt\2n semestre\MASB\masb_workspace\masb-pot-s-blaugrana\masb-pot-s-firmware\Core\Src\main.c
2021-05-04 13:32:26,363 [INFO] ProjectBuilder:2328 - Time for Copy HAL[1] : 692mS.
2021-05-04 13:32:26,379 [INFO] ProjectBuilder:3259 - Project Generator version: 3.11.2
2021-05-04 13:32:27,645 [INFO] ConfigFileManager:1238 - The Die is : DIE433
2021-05-04 13:32:27,670 [INFO] ApiDbMcu:456 - Load IP Config File for FATFS
2021-05-04 13:32:27,722 [INFO] ApiDbMcu:456 - Load IP Config File for FREERTOS
2021-05-04 13:32:27,735 [INFO] ApiDbMcu:456 - Load IP Config File for LIBJPEG
2021-05-04 13:32:27,801 [INFO] ApiDbMcu:456 - Load IP Config File for MBEDTLS
2021-05-04 13:32:27,867 [INFO] ApiDbMcu:456 - Load IP Config File for USB_DEVICE
2021-05-04 13:32:27,893 [INFO] ApiDbMcu:456 - Load IP Config File for USB_HOST
2021-05-04 13:32:36,371 [INFO] ProjectBuilder:3425 - Time for Generating toolchain IDE Files: 9992mS.
2021-05-04 13:32:36,373 [INFO] ProjectBuilder:2207 - Time for Copy CMSIS : 1mS.
2021-05-04 13:32:36,380 [INFO] ProjectBuilder:2207 - Time for Copy CMSIS : 0mS.
2021-05-04 13:32:37,001 [INFO] ApiDb:263 - Save user favorites file C:\Users\Raimonn/.stm32cubeide/favorites.mcus.txt: 0 item(s)
2021-05-04 13:32:37,001 [INFO] ApiDb:267 - User favorites MCUs=[]
2021-05-04 14:14:29,276 [INFO] Activator:170 - 


2021-05-04 14:14:29,296 [INFO] Activator:171 - !SESSION log4j initialized
2021-05-10 21:10:01,329 [INFO] Activator:170 - 


2021-05-10 21:10:01,340 [INFO] Activator:171 - !SESSION log4j initialized
